{"name": "test_add_to_cart", "status": "failed", "statusDetails": {"message": "AssertionError: Expected button to indicate product added, got: Añadir al carrito\nassert ('added' in 'añadir al carrito' or 'cart' in 'añadir al carrito')\n +  where 'añadir al carrito' = <built-in method lower of str object at 0x0000013DD9D4A330>()\n +    where <built-in method lower of str object at 0x0000013DD9D4A330> = 'Añadir al carrito'.lower\n +  and   'añadir al carrito' = <built-in method lower of str object at 0x0000013DD9D4A330>()\n +    where <built-in method lower of str object at 0x0000013DD9D4A330> = 'Añadir al carrito'.lower", "trace": "page = <Page url='https://practicesoftwaretesting.com/product/01KJA79T013CTK297JB7VHEYNZ'>\nhome_page = <src.pages.home_page.HomePage object at 0x0000013DD9CA1010>\n\n    @allure.feature(\"Shopping Cart\")\n    @allure.story(\"Add Product to Cart\")\n    @pytest.mark.ui\n    def test_add_to_cart(page: Page, home_page):\n        \"\"\"\n        Test Case: Add a product to the shopping cart.\n        Validates that the cart counter updates correctly.\n        \"\"\"\n        with allure.step(\"1. Navigate to Home Page\"):\n            home_page.navigate_home()\n    \n        with allure.step(\"2. Click on first product\"):\n            product_1 = page.locator(home_page.PRODUCT_CARD).first\n            product_1.click()\n            page.wait_for_load_state(\"networkidle\")\n    \n        with allure.step(\"3. Add product to cart\"):\n            page.locator(\"[data-test='add-to-cart']\").click()\n    \n            # Wait for cart counter to update\n            expect(page.locator(\"[data-test='cart-quantity']\")).to_have_text(\"1\")\n    \n        with allure.step(\"4. Verify product was added\"):\n            # Check that the button text changes or a success message appears\n            add_button = page.locator(\"[data-test='add-to-cart']\")\n            button_text = add_button.inner_text()\n    \n            # Usually buttons change to \"Added\" or similar\n>           assert \"added\" in button_text.lower() or \"cart\" in button_text.lower(), \\\n                f\"Expected button to indicate product added, got: {button_text}\"\nE           AssertionError: Expected button to indicate product added, got: Añadir al carrito\nE           assert ('added' in 'añadir al carrito' or 'cart' in 'añadir al carrito')\nE            +  where 'añadir al carrito' = <built-in method lower of str object at 0x0000013DD9D4A330>()\nE            +    where <built-in method lower of str object at 0x0000013DD9D4A330> = 'Añadir al carrito'.lower\nE            +  and   'añadir al carrito' = <built-in method lower of str object at 0x0000013DD9D4A330>()\nE            +    where <built-in method lower of str object at 0x0000013DD9D4A330> = 'Añadir al carrito'.lower\n\ntests\\ui\\test_shopping_cart.py:33: AssertionError"}, "description": "\nTest Case: Add a product to the shopping cart.\nValidates that the cart counter updates correctly.\n", "steps": [{"name": "1. Navigate to Home Page", "status": "passed", "start": 1772018880588, "stop": 1772018884207}, {"name": "2. Click on first product", "status": "passed", "start": 1772018884207, "stop": 1772018884472}, {"name": "3. Add product to cart", "status": "passed", "start": 1772018884472, "stop": 1772018889381}, {"name": "4. Verify product was added", "status": "failed", "statusDetails": {"message": "AssertionError: Expected button to indicate product added, got: Añadir al carrito\nassert ('added' in 'añadir al carrito' or 'cart' in 'añadir al carrito')\n +  where 'añadir al carrito' = <built-in method lower of str object at 0x0000013DD9D4A330>()\n +    where <built-in method lower of str object at 0x0000013DD9D4A330> = 'Añadir al carrito'.lower\n +  and   'añadir al carrito' = <built-in method lower of str object at 0x0000013DD9D4A330>()\n +    where <built-in method lower of str object at 0x0000013DD9D4A330> = 'Añadir al carrito'.lower\n", "trace": "  File \"C:\\Users\\dana_\\pst-playwright-framework\\tests\\ui\\test_shopping_cart.py\", line 33, in test_add_to_cart\n    assert \"added\" in button_text.lower() or \"cart\" in button_text.lower(), \\\n        f\"Expected button to indicate product added, got: {button_text}\"\n"}, "start": 1772018889382, "stop": 1772018889412}], "start": 1772018880588, "stop": 1772018889414, "uuid": "0d611e4a-782a-40a9-aae4-9d5932d16f3a", "historyId": "86515e911015dae5a49949dc0b9d2308", "testCaseId": "86515e911015dae5a49949dc0b9d2308", "fullName": "tests.ui.test_shopping_cart#test_add_to_cart", "labels": [{"name": "story", "value": "Add Product to Cart"}, {"name": "feature", "value": "Shopping Cart"}, {"name": "tag", "value": "ui"}, {"name": "parentSuite", "value": "tests.ui"}, {"name": "suite", "value": "test_shopping_cart"}, {"name": "host", "value": "ZenBook"}, {"name": "thread", "value": "14024-MainThread"}, {"name": "framework", "value": "pytest"}, {"name": "language", "value": "cpython3"}, {"name": "package", "value": "tests.ui.test_shopping_cart"}]}