{"name": "test_full_e2e_journey", "status": "failed", "statusDetails": {"message": "AssertionError: Page URL expected to be 're.compile('.*/auth/login')'\nActual value: https://practicesoftwaretesting.com/auth/register \nCall log:\nPageAssertions.to_have_url with timeout 5000ms\n  - waiting for locator(\":root\")\n  -   locator resolved to <html lang=\"en\" data-beasties-container=\"\">…</html>\n  -   unexpected value \"https://practicesoftwaretesting.com/auth/register\"\n  -   locator resolved to <html lang=\"en\" data-beasties-container=\"\">…</html>\n  -   unexpected value \"https://practicesoftwaretesting.com/auth/register\"\n  -   locator resolved to <html lang=\"en\" data-beasties-container=\"\">…</html>\n  -   unexpected value \"https://practicesoftwaretesting.com/auth/register\"\n  -   locator resolved to <html lang=\"en\" data-beasties-container=\"\">…</html>\n  -   unexpected value \"https://practicesoftwaretesting.com/auth/register\"\n  -   locator resolved to <html lang=\"en\" data-beasties-container=\"\">…</html>\n  -   unexpected value \"https://practicesoftwaretesting.com/auth/register\"\n  -   locator resolved to <html lang=\"en\" data-beasties-container=\"\">…</html>\n  -   unexpected value \"https://practicesoftwaretesting.com/auth/register\"\n  -   locator resolved to <html lang=\"en\" data-beasties-container=\"\">…</html>\n  -   unexpected value \"https://practicesoftwaretesting.com/auth/register\"\n  -   locator resolved to <html lang=\"en\" data-beasties-container=\"\">…</html>\n  -   unexpected value \"https://practicesoftwaretesting.com/auth/register\"\n  -   locator resolved to <html lang=\"en\" data-beasties-container=\"\">…</html>\n  -   unexpected value \"https://practicesoftwaretesting.com/auth/register\"", "trace": "tests\\e2e\\test_full_journey.py:24: in test_full_e2e_journey\n    expect(page).to_have_url(re.compile(r\".*/auth/login\"))\nE   AssertionError: Page URL expected to be 're.compile('.*/auth/login')'\nE   Actual value: https://practicesoftwaretesting.com/auth/register \nE   Call log:\nE   PageAssertions.to_have_url with timeout 5000ms\nE     - waiting for locator(\":root\")\nE     -   locator resolved to <html lang=\"en\" data-beasties-container=\"\">…</html>\nE     -   unexpected value \"https://practicesoftwaretesting.com/auth/register\"\nE     -   locator resolved to <html lang=\"en\" data-beasties-container=\"\">…</html>\nE     -   unexpected value \"https://practicesoftwaretesting.com/auth/register\"\nE     -   locator resolved to <html lang=\"en\" data-beasties-container=\"\">…</html>\nE     -   unexpected value \"https://practicesoftwaretesting.com/auth/register\"\nE     -   locator resolved to <html lang=\"en\" data-beasties-container=\"\">…</html>\nE     -   unexpected value \"https://practicesoftwaretesting.com/auth/register\"\nE     -   locator resolved to <html lang=\"en\" data-beasties-container=\"\">…</html>\nE     -   unexpected value \"https://practicesoftwaretesting.com/auth/register\"\nE     -   locator resolved to <html lang=\"en\" data-beasties-container=\"\">…</html>\nE     -   unexpected value \"https://practicesoftwaretesting.com/auth/register\"\nE     -   locator resolved to <html lang=\"en\" data-beasties-container=\"\">…</html>\nE     -   unexpected value \"https://practicesoftwaretesting.com/auth/register\"\nE     -   locator resolved to <html lang=\"en\" data-beasties-container=\"\">…</html>\nE     -   unexpected value \"https://practicesoftwaretesting.com/auth/register\"\nE     -   locator resolved to <html lang=\"en\" data-beasties-container=\"\">…</html>\nE     -   unexpected value \"https://practicesoftwaretesting.com/auth/register\""}, "description": "\nTest Case 4 (Full E2E): The Happy Path.\nSimulates a brand new user discovering the site, registering, \nadding an item to the cart, and completing a purchase purely via UI.\n", "steps": [{"name": "1. Navigate to Home Page and open Login/Register", "status": "passed", "start": 1772021964109, "stop": 1772021968770}, {"name": "2. Complete User Registration", "status": "failed", "statusDetails": {"message": "AssertionError: Page URL expected to be 're.compile('.*/auth/login')'\nActual value: https://practicesoftwaretesting.com/auth/register \nCall log:\nPageAssertions.to_have_url with timeout 5000ms\n  - waiting for locator(\":root\")\n  -   locator resolved to <html lang=\"en\" data-beasties-container=\"\">…</html>\n  -   unexpected value \"https://practicesoftwaretesting.com/auth/register\"\n  -   locator resolved to <html lang=\"en\" data-beasties-container=\"\">…</html>\n  -   unexpected value \"https://practicesoftwaretesting.com/auth/register\"\n  -   locator resolved to <html lang=\"en\" data-beasties-container=\"\">…</html>\n  -   unexpected value \"https://practicesoftwaretesting.com/auth/register\"\n  -   locator resolved to <html lang=\"en\" data-beasties-container=\"\">…</html>\n  -   unexpected value \"https://practicesoftwaretesting.com/auth/register\"\n  -   locator resolved to <html lang=\"en\" data-beasties-container=\"\">…</html>\n  -   unexpected value \"https://practicesoftwaretesting.com/auth/register\"\n  -   locator resolved to <html lang=\"en\" data-beasties-container=\"\">…</html>\n  -   unexpected value \"https://practicesoftwaretesting.com/auth/register\"\n  -   locator resolved to <html lang=\"en\" data-beasties-container=\"\">…</html>\n  -   unexpected value \"https://practicesoftwaretesting.com/auth/register\"\n  -   locator resolved to <html lang=\"en\" data-beasties-container=\"\">…</html>\n  -   unexpected value \"https://practicesoftwaretesting.com/auth/register\"\n  -   locator resolved to <html lang=\"en\" data-beasties-container=\"\">…</html>\n  -   unexpected value \"https://practicesoftwaretesting.com/auth/register\"\n\n", "trace": "  File \"C:\\Users\\dana_\\pst-playwright-framework\\tests\\e2e\\test_full_journey.py\", line 24, in test_full_e2e_journey\n    expect(page).to_have_url(re.compile(r\".*/auth/login\"))\n    ~~~~~~~~~~~~~~~~~~~~~~~~^^^^^^^^^^^^^^^^^^^^^^^^^^^^^^\n  File \"C:\\Users\\dana_\\pst-playwright-framework\\venv\\Lib\\site-packages\\playwright\\sync_api\\_generated.py\", line 18825, in to_have_url\n    self._sync(\n    ~~~~~~~~~~^\n        self._impl_obj.to_have_url(\n        ^^^^^^^^^^^^^^^^^^^^^^^^^^^\n            urlOrRegExp=url_or_reg_exp, timeout=timeout, ignoreCase=ignore_case\n            ^^^^^^^^^^^^^^^^^^^^^^^^^^^^^^^^^^^^^^^^^^^^^^^^^^^^^^^^^^^^^^^^^^^\n        )\n        ^\n    )\n    ^\n  File \"C:\\Users\\dana_\\pst-playwright-framework\\venv\\Lib\\site-packages\\playwright\\_impl\\_sync_base.py\", line 115, in _sync\n    return task.result()\n           ~~~~~~~~~~~^^\n  File \"C:\\Users\\dana_\\pst-playwright-framework\\venv\\Lib\\site-packages\\playwright\\_impl\\_assertions.py\", line 127, in to_have_url\n    await self._expect_impl(\n    ...<4 lines>...\n    )\n  File \"C:\\Users\\dana_\\pst-playwright-framework\\venv\\Lib\\site-packages\\playwright\\_impl\\_assertions.py\", line 74, in _expect_impl\n    raise AssertionError(\n        f\"{out_message}\\nActual value: {actual} {format_call_log(result.get('log'))}\"\n    )\n"}, "steps": [{"name": "Registering a new user", "status": "passed", "parameters": [{"name": "user_data", "value": "{'first_name': 'Mary', 'last_name': 'Thompson', 'email': 'roymelissa@example.org', 'password': '8JSg2lRq$2#uA1!xZ', 'dob': '1990-01-01', 'phone': '5555555555', 'address': {'street': '09090 Jacqueline Greens', 'city': 'East Nathan', 'state': 'New York', 'country': 'DE', 'postal_code': '67752'}}"}], "start": 1772021968771, "stop": 1772021969904}], "start": 1772021968770, "stop": 1772021974923}], "start": 1772021964109, "stop": 1772021974927, "uuid": "90464dd2-3ff1-40ec-b0d3-5f75d93bd279", "historyId": "cb69c4a90f591056df4d3665585df589", "testCaseId": "cb69c4a90f591056df4d3665585df589", "fullName": "tests.e2e.test_full_journey#test_full_e2e_journey", "labels": [{"name": "feature", "value": "End to End Journey"}, {"name": "story", "value": "Full Registration, Login, and Checkout Flow"}, {"name": "tag", "value": "e2e"}, {"name": "parentSuite", "value": "tests.e2e"}, {"name": "suite", "value": "test_full_journey"}, {"name": "host", "value": "ZenBook"}, {"name": "thread", "value": "42252-MainThread"}, {"name": "framework", "value": "pytest"}, {"name": "language", "value": "cpython3"}, {"name": "package", "value": "tests.e2e.test_full_journey"}]}