{"name": "test_shopping_cart_total", "status": "failed", "statusDetails": {"message": "AssertionError: Locator expected to have count '2'\nActual value: 0 \nCall log:\nLocatorAssertions.to_have_count with timeout 5000ms\n  - waiting for locator(\"[data-test='cart-item']\")\n  -   locator resolved to 0 elements\n  -   unexpected value \"0\"\n  -   locator resolved to 0 elements\n  -   unexpected value \"0\"\n  -   locator resolved to 0 elements\n  -   unexpected value \"0\"\n  -   locator resolved to 0 elements\n  -   unexpected value \"0\"\n  -   locator resolved to 0 elements\n  -   unexpected value \"0\"\n  -   locator resolved to 0 elements\n  -   unexpected value \"0\"\n  -   locator resolved to 0 elements\n  -   unexpected value \"0\"\n  -   locator resolved to 0 elements\n  -   unexpected value \"0\"\n  -   locator resolved to 0 elements\n  -   unexpected value \"0\"", "trace": "page = <Page url='https://practicesoftwaretesting.com/'>\nhome_page = <src.pages.home_page.HomePage object at 0x00000186A27A1160>\n\n    @allure.feature(\"Shopping Cart\")\n    @allure.story(\"Add Multiple Products and Verify Total\")\n    @pytest.mark.ui\n    def test_shopping_cart_total(page: Page, home_page):\n        \"\"\"\n        Test Case: Add multiple products to cart and verify the total price.\n        \"\"\"\n        with allure.step(\"1. Navigate to Home Page\"):\n            home_page.navigate_home()\n    \n        with allure.step(\"2. Add first product to cart\"):\n            # Get the first product's name and price\n            product_1 = page.locator(home_page.PRODUCT_CARD).first\n            price_text_1 = product_1.locator(\"[data-test='product-price']\").inner_text()\n            # Clean price string (remove currency symbols, etc)\n            price_1 = float(price_text_1.replace(\"$\", \"\").replace(\",\", \"\"))\n    \n            product_1.click()\n            page.locator(\"[data-test='add-to-cart']\").click()\n    \n            # Wait for cart update\n            expect(page.locator(\"[data-test='cart-quantity']\")).to_have_text(\"1\")\n    \n            # Go back home\n            page.goto(\"/\")\n    \n        with allure.step(\"3. Add second product to cart\"):\n            # Get second product\n            product_2 = page.locator(home_page.PRODUCT_CARD).nth(1)\n            price_text_2 = product_2.locator(\"[data-test='product-price']\").inner_text()\n            price_2 = float(price_text_2.replace(\"$\", \"\").replace(\",\", \"\"))\n    \n            product_2.click()\n            page.locator(\"[data-test='add-to-cart']\").click()\n    \n            expect(page.locator(\"[data-test='cart-quantity']\")).to_have_text(\"2\")\n    \n        with allure.step(\"4. Navigate to Cart and Verify Total\"):\n            page.goto(\"/cart\")\n    \n            # Check individual items in cart\n            cart_items = page.locator(\"[data-test='cart-item']\")\n>           expect(cart_items).to_have_count(2)\nE           AssertionError: Locator expected to have count '2'\nE           Actual value: 0 \nE           Call log:\nE           LocatorAssertions.to_have_count with timeout 5000ms\nE             - waiting for locator(\"[data-test='cart-item']\")\nE             -   locator resolved to 0 elements\nE             -   unexpected value \"0\"\nE             -   locator resolved to 0 elements\nE             -   unexpected value \"0\"\nE             -   locator resolved to 0 elements\nE             -   unexpected value \"0\"\nE             -   locator resolved to 0 elements\nE             -   unexpected value \"0\"\nE             -   locator resolved to 0 elements\nE             -   unexpected value \"0\"\nE             -   locator resolved to 0 elements\nE             -   unexpected value \"0\"\nE             -   locator resolved to 0 elements\nE             -   unexpected value \"0\"\nE             -   locator resolved to 0 elements\nE             -   unexpected value \"0\"\nE             -   locator resolved to 0 elements\nE             -   unexpected value \"0\"\n\ntests\\ui\\test_shopping_cart.py:47: AssertionError"}, "description": "\nTest Case: Add multiple products to cart and verify the total price.\n", "steps": [{"name": "1. Navigate to Home Page", "status": "passed", "start": 1772018793165, "stop": 1772018797327}, {"name": "2. Add first product to cart", "status": "passed", "start": 1772018797327, "stop": 1772018802296}, {"name": "3. Add second product to cart", "status": "passed", "start": 1772018802296, "stop": 1772018808779}, {"name": "4. Navigate to Cart and Verify Total", "status": "failed", "statusDetails": {"message": "AssertionError: Locator expected to have count '2'\nActual value: 0 \nCall log:\nLocatorAssertions.to_have_count with timeout 5000ms\n  - waiting for locator(\"[data-test='cart-item']\")\n  -   locator resolved to 0 elements\n  -   unexpected value \"0\"\n  -   locator resolved to 0 elements\n  -   unexpected value \"0\"\n  -   locator resolved to 0 elements\n  -   unexpected value \"0\"\n  -   locator resolved to 0 elements\n  -   unexpected value \"0\"\n  -   locator resolved to 0 elements\n  -   unexpected value \"0\"\n  -   locator resolved to 0 elements\n  -   unexpected value \"0\"\n  -   locator resolved to 0 elements\n  -   unexpected value \"0\"\n  -   locator resolved to 0 elements\n  -   unexpected value \"0\"\n  -   locator resolved to 0 elements\n  -   unexpected value \"0\"\n\n", "trace": "  File \"C:\\Users\\dana_\\pst-playwright-framework\\tests\\ui\\test_shopping_cart.py\", line 47, in test_shopping_cart_total\n    expect(cart_items).to_have_count(2)\n    ~~~~~~~~~~~~~~~~~~~~~~~~~~~~~~~~^^^\n  File \"C:\\Users\\dana_\\pst-playwright-framework\\venv\\Lib\\site-packages\\playwright\\sync_api\\_generated.py\", line 19199, in to_have_count\n    self._sync(self._impl_obj.to_have_count(count=count, timeout=timeout))\n    ~~~~~~~~~~^^^^^^^^^^^^^^^^^^^^^^^^^^^^^^^^^^^^^^^^^^^^^^^^^^^^^^^^^^^^\n  File \"C:\\Users\\dana_\\pst-playwright-framework\\venv\\Lib\\site-packages\\playwright\\_impl\\_sync_base.py\", line 115, in _sync\n    return task.result()\n           ~~~~~~~~~~~^^\n  File \"C:\\Users\\dana_\\pst-playwright-framework\\venv\\Lib\\site-packages\\playwright\\_impl\\_assertions.py\", line 309, in to_have_count\n    await self._expect_impl(\n    ...<4 lines>...\n    )\n  File \"C:\\Users\\dana_\\pst-playwright-framework\\venv\\Lib\\site-packages\\playwright\\_impl\\_assertions.py\", line 74, in _expect_impl\n    raise AssertionError(\n        f\"{out_message}\\nActual value: {actual} {format_call_log(result.get('log'))}\"\n    )\n"}, "start": 1772018808780, "stop": 1772018814689}], "start": 1772018793164, "stop": 1772018814696, "uuid": "fbc349e4-9901-485e-a867-e0df3f711922", "historyId": "c3928e645c09f078c13e5b0a77f0f2b1", "testCaseId": "c3928e645c09f078c13e5b0a77f0f2b1", "fullName": "tests.ui.test_shopping_cart#test_shopping_cart_total", "labels": [{"name": "story", "value": "Add Multiple Products and Verify Total"}, {"name": "feature", "value": "Shopping Cart"}, {"name": "tag", "value": "ui"}, {"name": "parentSuite", "value": "tests.ui"}, {"name": "suite", "value": "test_shopping_cart"}, {"name": "host", "value": "ZenBook"}, {"name": "thread", "value": "3536-MainThread"}, {"name": "framework", "value": "pytest"}, {"name": "language", "value": "cpython3"}, {"name": "package", "value": "tests.ui.test_shopping_cart"}]}